[debug] [2019-04-29T10:01:08.057Z] ----------------------------------------------------------------------
[debug] [2019-04-29T10:01:08.060Z] Command:       C:\Program Files\nodejs\node.exe C:\Users\zed\AppData\Roaming\npm\node_modules\firebase-tools\lib\bin\firebase.js deploy
[debug] [2019-04-29T10:01:08.060Z] CLI Version:   6.5.0
[debug] [2019-04-29T10:01:08.060Z] Platform:      win32
[debug] [2019-04-29T10:01:08.060Z] Node Version:  v10.11.0
[debug] [2019-04-29T10:01:08.061Z] Time:          Mon Apr 29 2019 15:01:08 GMT+0500 (Pakistan Standard Time)
[debug] [2019-04-29T10:01:08.061Z] ----------------------------------------------------------------------
[debug] 
[debug] [2019-04-29T10:01:08.073Z] > command requires scopes: ["email","openid","https://www.googleapis.com/auth/cloudplatformprojects.readonly","https://www.googleapis.com/auth/firebase","https://www.googleapis.com/auth/cloud-platform"]
[debug] [2019-04-29T10:01:08.074Z] > authorizing via signed-in user
[debug] [2019-04-29T10:01:08.074Z] [iam] checking project shopbox-35ae7 for permissions ["cloudfunctions.functions.create","cloudfunctions.functions.delete","cloudfunctions.functions.get","cloudfunctions.functions.list","cloudfunctions.functions.update","cloudfunctions.operations.get","datastore.indexes.create","datastore.indexes.delete","datastore.indexes.list","datastore.indexes.update","firebase.projects.get","firebasehosting.sites.update","firebaserules.releases.create","firebaserules.releases.update","firebaserules.rulesets.create"]
[debug] [2019-04-29T10:01:08.077Z] > refreshing access token with scopes: ["email","https://www.googleapis.com/auth/cloud-platform","https://www.googleapis.com/auth/cloudplatformprojects.readonly","https://www.googleapis.com/auth/firebase","openid"]
[debug] [2019-04-29T10:01:08.077Z] >>> HTTP REQUEST POST https://www.googleapis.com/oauth2/v3/token  
 <request body omitted>
[debug] [2019-04-29T10:01:16.366Z] <<< HTTP RESPONSE 200
[debug] [2019-04-29T10:01:16.403Z] >>> HTTP REQUEST POST https://cloudresourcemanager.googleapis.com/v1/projects/shopbox-35ae7:testIamPermissions  

[debug] [2019-04-29T10:01:20.992Z] <<< HTTP RESPONSE 200
[debug] [2019-04-29T10:01:20.994Z] >>> HTTP REQUEST GET https://firebase.googleapis.com/v1beta1/projects/shopbox-35ae7  
 
[debug] [2019-04-29T10:01:22.675Z] <<< HTTP RESPONSE 200
[info] 
[info] === Deploying to 'shopbox-35ae7'...
[info] 
[info] i  deploying storage, firestore, functions, hosting
[info] Running command: npm --prefix "$RESOURCE_DIR" run lint
[info] +  functions: Finished running predeploy script.
[debug] [2019-04-29T10:01:58.190Z] >>> HTTP REQUEST GET https://appengine.googleapis.com/v1/apps/shopbox-35ae7  
 
[info] 

There was an issue deploying your functions. Verify that your project has a Google App Engine instance setup at https://console.cloud.google.com/appengine and try again. If this issue persists, please contact support.
[debug] [2019-04-29T10:02:15.026Z] Error: Client network socket disconnected before secure TLS connection was established
    at TLSSocket.onConnectEnd (_tls_wrap.js:1086:19)
    at Object.onceWrapper (events.js:273:13)
    at TLSSocket.emit (events.js:187:15)
    at TLSSocket.EventEmitter.emit (domain.js:442:20)
    at endReadableNT (_stream_readable.js:1092:12)
    at process._tickCallback (internal/process/next_tick.js:63:19)
[error] 
[error] Error: Server Error. Client network socket disconnected before secure TLS connection was established
